TN:
SF:src\components\common\CustomAlert.styles.ts
FNF:0
FNH:0
DA:2,0
DA:3,0
DA:5,0
LF:3
LH:0
BRF:0
BRH:0
end_of_record
TN:
SF:src\components\common\EventInvitationCard.styles.ts
FNF:0
FNH:0
DA:2,0
DA:4,0
LF:2
LH:0
BRF:0
BRH:0
end_of_record
TN:
SF:src\components\common\index.ts
FN:3,(anonymous_5)
FN:5,(anonymous_6)
FN:7,(anonymous_7)
FN:9,(anonymous_8)
FN:11,(anonymous_9)
FN:14,(anonymous_10)
FN:15,(anonymous_11)
FN:15,(anonymous_12)
FN:16,(anonymous_13)
FN:17,(anonymous_14)
FNF:10
FNH:0
FNDA:0,(anonymous_5)
FNDA:0,(anonymous_6)
FNDA:0,(anonymous_7)
FNDA:0,(anonymous_8)
FNDA:0,(anonymous_9)
FNDA:0,(anonymous_10)
FNDA:0,(anonymous_11)
FNDA:0,(anonymous_12)
FNDA:0,(anonymous_13)
FNDA:0,(anonymous_14)
DA:2,0
DA:3,0
DA:4,0
DA:5,0
DA:6,0
DA:7,0
DA:8,0
DA:9,0
DA:10,0
DA:11,0
DA:12,0
DA:13,0
DA:14,0
DA:15,0
DA:16,0
DA:17,0
LF:16
LH:0
BRF:0
BRH:0
end_of_record
TN:
SF:src\components\contacts\ContactsDashboard.styles.ts
FNF:0
FNH:0
DA:3,0
DA:5,0
LF:2
LH:0
BRF:0
BRH:0
end_of_record
TN:
SF:src\components\contacts\ContactsSelectionInterface.styles.ts
FNF:0
FNH:0
DA:2,0
DA:3,0
DA:5,0
LF:3
LH:0
BRF:0
BRH:0
end_of_record
TN:
SF:src\components\contacts\EmptyStateView.styles.ts
FNF:0
FNH:0
DA:2,0
DA:3,0
DA:5,0
LF:3
LH:0
BRF:0
BRH:0
end_of_record
TN:
SF:src\components\contacts\InvitationInterface.styles.ts
FNF:0
FNH:0
DA:2,0
DA:3,0
DA:5,0
LF:3
LH:0
BRF:0
BRH:0
end_of_record
TN:
SF:src\components\contacts\InvitationsScreen.styles.ts
FNF:0
FNH:0
DA:2,0
DA:4,0
LF:2
LH:0
BRF:0
BRH:0
end_of_record
TN:
SF:src\components\contacts\ManageContactsScreen.styles.ts
FNF:0
FNH:0
DA:2,0
DA:3,0
DA:5,0
LF:3
LH:0
BRF:0
BRH:0
end_of_record
TN:
SF:src\components\contacts\NetworkIntroductionScreen.styles.ts
FNF:0
FNH:0
DA:2,0
DA:3,0
DA:5,0
LF:3
LH:0
BRF:0
BRH:0
end_of_record
TN:
SF:src\components\contacts\PermissionModal.styles.ts
FNF:0
FNH:0
DA:2,0
DA:3,0
DA:5,0
LF:3
LH:0
BRF:0
BRH:0
end_of_record
TN:
SF:src\components\contacts\index.ts
FN:3,(anonymous_0)
FN:5,(anonymous_1)
FN:6,(anonymous_2)
FN:7,(anonymous_3)
FN:8,(anonymous_4)
FNF:5
FNH:0
FNDA:0,(anonymous_0)
FNDA:0,(anonymous_1)
FNDA:0,(anonymous_2)
FNDA:0,(anonymous_3)
FNDA:0,(anonymous_4)
DA:3,0
DA:5,0
DA:6,0
DA:7,0
DA:8,0
LF:5
LH:0
BRF:0
BRH:0
end_of_record
TN:
SF:src\components\contacts\selection\index.ts
FNF:0
FNH:0
DA:2,0
DA:3,0
DA:4,0
LF:3
LH:0
BRF:0
BRH:0
end_of_record
TN:
SF:src\components\web\index.ts
FNF:0
FNH:0
DA:1,0
LF:1
LH:0
BRF:0
BRH:0
end_of_record
TN:
SF:src\constants\messageTemplates.ts
FN:195,generateMessage
FN:205,(anonymous_1)
FN:214,getBestTemplateForContact
FN:222,(anonymous_3)
FNF:4
FNH:0
FNDA:0,generateMessage
FNDA:0,(anonymous_1)
FNDA:0,getBestTemplateForContact
FNDA:0,(anonymous_3)
DA:16,0
DA:195,0
DA:201,0
DA:202,0
DA:203,0
DA:205,0
DA:206,0
DA:209,0
DA:211,0
DA:214,0
DA:215,0
DA:216,0
DA:219,0
DA:221,0
DA:222,0
DA:223,0
DA:227,0
LF:17
LH:0
BRDA:202,0,0,0
BRDA:202,0,1,0
BRDA:202,1,0,0
BRDA:202,1,1,0
BRDA:215,2,0,0
BRDA:215,3,0,0
BRDA:215,3,1,0
BRDA:222,4,0,0
BRF:8
BRH:0
end_of_record
TN:
SF:src\context\index.ts
FNF:0
FNH:0
DA:2,0
LF:1
LH:0
BRF:0
BRH:0
end_of_record
TN:
SF:src\hooks\index.ts
FNF:0
FNH:0
DA:2,0
DA:4,0
DA:5,0
LF:3
LH:0
BRF:0
BRH:0
end_of_record
TN:
SF:src\hooks\useAuth.ts
FN:6,(anonymous_0)
FNF:1
FNH:0
FNDA:0,(anonymous_0)
DA:2,0
DA:3,0
DA:6,0
DA:7,0
DA:9,0
DA:10,0
DA:13,0
LF:7
LH:0
BRDA:9,0,0,0
BRF:1
BRH:0
end_of_record
TN:
SF:src\hooks\useErrorHandler.ts
FN:25,useErrorHandler
FN:29,(anonymous_1)
FN:38,(anonymous_2)
FN:42,(anonymous_3)
FN:108,useAuthErrorHandler
FN:111,(anonymous_5)
FN:123,(anonymous_6)
FN:146,useRetryErrorHandler
FN:149,(anonymous_8)
FN:194,(anonymous_9)
FNF:10
FNH:0
FNDA:0,useErrorHandler
FNDA:0,(anonymous_1)
FNDA:0,(anonymous_2)
FNDA:0,(anonymous_3)
FNDA:0,useAuthErrorHandler
FNDA:0,(anonymous_5)
FNDA:0,(anonymous_6)
FNDA:0,useRetryErrorHandler
FNDA:0,(anonymous_8)
FNDA:0,(anonymous_9)
DA:3,0
DA:4,0
DA:5,0
DA:25,0
DA:26,0
DA:27,0
DA:29,0
DA:30,0
DA:34,0
DA:35,0
DA:38,0
DA:39,0
DA:42,0
DA:54,0
DA:56,0
DA:57,0
DA:59,0
DA:60,0
DA:61,0
DA:62,0
DA:64,0
DA:66,0
DA:70,0
DA:71,0
DA:73,0
DA:74,0
DA:77,0
DA:78,0
DA:80,0
DA:92,0
DA:96,0
DA:108,0
DA:109,0
DA:111,0
DA:117,0
DA:119,0
DA:124,0
DA:125,0
DA:126,0
DA:129,0
DA:130,0
DA:137,0
DA:146,0
DA:147,0
DA:149,0
DA:163,0
DA:167,0
DA:168,0
DA:169,0
DA:176,0
DA:178,0
DA:183,0
DA:184,0
DA:188,0
DA:189,0
DA:193,0
DA:194,0
DA:199,0
DA:200,0
DA:201,0
DA:204,0
DA:205,0
DA:208,0
DA:211,0
LF:64
LH:0
BRDA:30,0,0,0
BRDA:30,0,1,0
BRDA:44,1,0,0
BRDA:51,2,0,0
BRDA:52,3,0,0
BRDA:66,4,0,0
BRDA:66,4,1,0
BRDA:73,5,0,0
BRDA:77,6,0,0
BRDA:85,7,0,0
BRDA:85,7,1,0
BRDA:113,8,0,0
BRDA:124,9,0,0
BRDA:125,10,0,0
BRDA:129,11,0,0
BRDA:151,12,0,0
BRDA:160,13,0,0
BRDA:161,14,0,0
BRDA:178,15,0,0
BRDA:178,15,1,0
BRDA:183,16,0,0
BRDA:188,17,0,0
BRDA:199,18,0,0
BRDA:204,19,0,0
BRF:24
BRH:0
end_of_record
TN:
SF:src\hooks\useLoadingState.ts
FN:38,useLoadingState
FN:48,(anonymous_1)
FN:52,(anonymous_2)
FN:56,(anonymous_3)
FN:60,(anonymous_4)
FN:64,(anonymous_5)
FN:71,(anonymous_6)
FN:144,useMultipleLoadingStates
FN:148,(anonymous_8)
FN:149,(anonymous_9)
FN:155,(anonymous_10)
FN:156,(anonymous_11)
FN:168,(anonymous_12)
FN:171,(anonymous_13)
FN:206,(anonymous_14)
FN:208,(anonymous_15)
FN:228,(anonymous_16)
FN:229,(anonymous_17)
FN:236,usePaginatedLoading
FN:246,(anonymous_19)
FN:264,(anonymous_20)
FN:272,(anonymous_21)
FN:282,(anonymous_22)
FN:286,(anonymous_23)
FN:311,useOptimisticUpdate
FN:317,(anonymous_25)
FNF:26
FNH:0
FNDA:0,useLoadingState
FNDA:0,(anonymous_1)
FNDA:0,(anonymous_2)
FNDA:0,(anonymous_3)
FNDA:0,(anonymous_4)
FNDA:0,(anonymous_5)
FNDA:0,(anonymous_6)
FNDA:0,useMultipleLoadingStates
FNDA:0,(anonymous_8)
FNDA:0,(anonymous_9)
FNDA:0,(anonymous_10)
FNDA:0,(anonymous_11)
FNDA:0,(anonymous_12)
FNDA:0,(anonymous_13)
FNDA:0,(anonymous_14)
FNDA:0,(anonymous_15)
FNDA:0,(anonymous_16)
FNDA:0,(anonymous_17)
FNDA:0,usePaginatedLoading
FNDA:0,(anonymous_19)
FNDA:0,(anonymous_20)
FNDA:0,(anonymous_21)
FNDA:0,(anonymous_22)
FNDA:0,(anonymous_23)
FNDA:0,useOptimisticUpdate
FNDA:0,(anonymous_25)
DA:3,0
DA:38,0
DA:41,0
DA:42,0
DA:43,0
DA:46,0
DA:48,0
DA:49,0
DA:52,0
DA:53,0
DA:56,0
DA:57,0
DA:60,0
DA:61,0
DA:64,0
DA:65,0
DA:66,0
DA:67,0
DA:68,0
DA:71,0
DA:83,0
DA:86,0
DA:87,0
DA:89,0
DA:90,0
DA:92,0
DA:93,0
DA:96,0
DA:97,0
DA:100,0
DA:101,0
DA:104,0
DA:105,0
DA:108,0
DA:109,0
DA:112,0
DA:113,0
DA:116,0
DA:117,0
DA:118,0
DA:120,0
DA:121,0
DA:124,0
DA:128,0
DA:144,0
DA:145,0
DA:146,0
DA:148,0
DA:149,0
DA:155,0
DA:156,0
DA:157,0
DA:158,0
DA:159,0
DA:161,0
DA:168,0
DA:169,0
DA:171,0
DA:179,0
DA:181,0
DA:182,0
DA:184,0
DA:185,0
DA:187,0
DA:188,0
DA:191,0
DA:192,0
DA:194,0
DA:195,0
DA:196,0
DA:198,0
DA:199,0
DA:202,0
DA:206,0
DA:207,0
DA:208,0
DA:209,0
DA:210,0
DA:212,0
DA:214,0
DA:215,0
DA:219,0
DA:228,0
DA:229,0
DA:236,0
DA:239,0
DA:240,0
DA:241,0
DA:242,0
DA:243,0
DA:244,0
DA:246,0
DA:247,0
DA:249,0
DA:250,0
DA:251,0
DA:253,0
DA:254,0
DA:255,0
DA:256,0
DA:257,0
DA:259,0
DA:260,0
DA:264,0
DA:265,0
DA:267,0
DA:269,0
DA:270,0
DA:271,0
DA:272,0
DA:273,0
DA:274,0
DA:275,0
DA:277,0
DA:278,0
DA:282,0
DA:283,0
DA:286,0
DA:287,0
DA:288,0
DA:289,0
DA:290,0
DA:291,0
DA:292,0
DA:295,0
DA:311,0
DA:312,0
DA:313,0
DA:314,0
DA:315,0
DA:317,0
DA:325,0
DA:328,0
DA:331,0
DA:332,0
DA:333,0
DA:335,0
DA:336,0
DA:337,0
DA:338,0
DA:340,0
DA:341,0
DA:344,0
DA:347,0
DA:348,0
DA:349,0
DA:350,0
DA:352,0
DA:353,0
DA:356,0
DA:360,0
LF:151
LH:0
BRDA:39,0,0,0
BRDA:73,1,0,0
BRDA:82,2,0,0
BRDA:96,3,0,0
BRDA:100,4,0,0
BRDA:104,5,0,0
BRDA:112,6,0,0
BRDA:116,7,0,0
BRDA:116,7,1,0
BRDA:120,8,0,0
BRDA:157,9,0,0
BRDA:174,10,0,0
BRDA:187,11,0,0
BRDA:194,12,0,0
BRDA:194,12,1,0
BRDA:198,13,0,0
BRDA:207,14,0,0
BRDA:207,14,1,0
BRDA:228,15,0,0
BRDA:228,15,1,0
BRDA:229,16,0,0
BRDA:229,16,1,0
BRDA:247,17,0,0
BRDA:259,18,0,0
BRDA:259,18,1,0
BRDA:265,19,0,0
BRDA:265,20,0,0
BRDA:265,20,1,0
BRDA:277,21,0,0
BRDA:277,21,1,0
BRDA:320,22,0,0
BRDA:340,23,0,0
BRDA:349,24,0,0
BRDA:349,24,1,0
BRDA:352,25,0,0
BRF:35
BRH:0
end_of_record
TN:
SF:src\hooks\useNotifications.ts
FN:38,(anonymous_10)
FN:45,(anonymous_11)
FN:48,(anonymous_12)
FN:59,(anonymous_13)
FN:67,(anonymous_14)
FN:80,(anonymous_15)
FN:87,(anonymous_16)
FN:96,(anonymous_17)
FN:105,(anonymous_18)
FN:117,(anonymous_19)
FN:124,(anonymous_20)
FN:125,(anonymous_21)
FN:132,(anonymous_22)
FN:139,(anonymous_23)
FN:146,(anonymous_24)
FN:147,(anonymous_25)
FN:161,(anonymous_26)
FN:198,(anonymous_27)
FNF:18
FNH:0
FNDA:0,(anonymous_10)
FNDA:0,(anonymous_11)
FNDA:0,(anonymous_12)
FNDA:0,(anonymous_13)
FNDA:0,(anonymous_14)
FNDA:0,(anonymous_15)
FNDA:0,(anonymous_16)
FNDA:0,(anonymous_17)
FNDA:0,(anonymous_18)
FNDA:0,(anonymous_19)
FNDA:0,(anonymous_20)
FNDA:0,(anonymous_21)
FNDA:0,(anonymous_22)
FNDA:0,(anonymous_23)
FNDA:0,(anonymous_24)
FNDA:0,(anonymous_25)
FNDA:0,(anonymous_26)
FNDA:0,(anonymous_27)
DA:1,0
DA:2,0
DA:3,0
DA:4,0
DA:36,0
DA:38,0
DA:39,0
DA:40,0
DA:41,0
DA:42,0
DA:45,0
DA:46,0
DA:47,0
DA:48,0
DA:59,0
DA:60,0
DA:61,0
DA:63,0
DA:67,0
DA:68,0
DA:70,0
DA:79,0
DA:80,0
DA:81,0
DA:84,0
DA:87,0
DA:88,0
DA:89,0
DA:91,0
DA:92,0
DA:93,0
DA:95,0
DA:96,0
DA:98,0
DA:99,0
DA:101,0
DA:105,0
DA:106,0
DA:107,0
DA:108,0
DA:109,0
DA:110,0
DA:112,0
DA:113,0
DA:117,0
DA:118,0
DA:119,0
DA:124,0
DA:125,0
DA:126,0
DA:132,0
DA:134,0
DA:135,0
DA:139,0
DA:140,0
DA:141,0
DA:146,0
DA:147,0
DA:154,0
DA:156,0
DA:157,0
DA:161,0
DA:162,0
DA:163,0
DA:166,0
DA:167,0
DA:168,0
DA:170,0
DA:171,0
DA:172,0
DA:175,0
DA:176,0
DA:177,0
DA:181,0
DA:182,0
DA:190,0
DA:192,0
DA:193,0
DA:198,0
DA:199,0
DA:202,0
DA:215,0
LF:82
LH:0
BRDA:46,0,0,0
BRDA:67,1,0,0
BRDA:74,2,0,0
BRDA:74,2,1,0
BRDA:79,3,0,0
BRDA:81,4,0,0
BRDA:81,4,1,0
BRDA:93,5,0,0
BRDA:93,5,1,0
BRDA:98,6,0,0
BRDA:98,6,1,0
BRDA:108,7,0,0
BRDA:108,7,1,0
BRDA:126,8,0,0
BRDA:126,8,1,0
BRDA:162,9,0,0
BRDA:170,10,0,0
BRDA:175,11,0,0
BRDA:181,12,0,0
BRF:19
BRH:0
end_of_record
TN:
SF:src\hooks\contacts\index.ts
FNF:0
FNH:0
DA:2,0
DA:3,0
DA:4,0
DA:5,0
LF:4
LH:0
BRF:0
BRH:0
end_of_record
TN:
SF:src\hooks\contacts\useContactStats.ts
FN:5,(anonymous_0)
FN:6,(anonymous_1)
FN:13,(anonymous_2)
FN:16,(anonymous_3)
FN:24,(anonymous_4)
FN:25,(anonymous_5)
FN:39,(anonymous_6)
FN:42,(anonymous_7)
FNF:8
FNH:0
FNDA:0,(anonymous_0)
FNDA:0,(anonymous_1)
FNDA:0,(anonymous_2)
FNDA:0,(anonymous_3)
FNDA:0,(anonymous_4)
FNDA:0,(anonymous_5)
FNDA:0,(anonymous_6)
FNDA:0,(anonymous_7)
DA:2,0
DA:5,0
DA:6,0
DA:10,0
DA:12,0
DA:13,0
DA:14,0
DA:16,0
DA:17,0
DA:18,0
DA:21,0
DA:22,0
DA:23,0
DA:24,0
DA:25,0
DA:26,0
DA:29,0
DA:32,0
DA:39,0
DA:42,0
DA:52,0
DA:59,0
DA:62,0
LF:23
LH:0
BRDA:8,0,0,0
BRDA:14,1,0,0
BRDA:14,1,1,0
BRDA:18,2,0,0
BRDA:18,2,1,0
BRDA:23,3,0,0
BRDA:23,3,1,0
BRDA:26,4,0,0
BRDA:26,4,1,0
BRDA:42,5,0,0
BRDA:42,5,1,0
BRDA:42,6,0,0
BRDA:42,6,1,0
BRF:13
BRH:0
end_of_record
TN:
SF:src\i18n\index.ts
FN:15,(anonymous_10)
FN:35,(anonymous_11)
FN:48,(anonymous_12)
FN:49,(anonymous_13)
FN:80,(anonymous_14)
FNF:5
FNH:0
FNDA:0,(anonymous_10)
FNDA:0,(anonymous_11)
FNDA:0,(anonymous_12)
FNDA:0,(anonymous_13)
FNDA:0,(anonymous_14)
DA:2,0
DA:3,0
DA:4,0
DA:5,0
DA:8,0
DA:9,0
DA:10,0
DA:12,0
DA:15,0
DA:16,0
DA:19,0
DA:21,0
DA:23,0
DA:25,0
DA:27,0
DA:32,0
DA:36,0
DA:37,0
DA:38,0
DA:39,0
DA:41,0
DA:44,0
DA:45,0
DA:50,0
DA:51,0
DA:53,0
DA:58,0
DA:77,0
DA:80,0
DA:81,0
DA:82,0
DA:83,0
DA:85,0
DA:92,0
LF:34
LH:0
BRDA:19,0,0,0
BRDA:19,0,1,0
BRDA:19,0,2,0
BRDA:19,0,3,0
BRDA:38,1,0,0
BRDA:38,1,1,0
BRF:6
BRH:0
end_of_record
TN:
SF:src\navigation\index.ts
FN:3,(anonymous_1)
FN:4,(anonymous_2)
FN:4,(anonymous_3)
FN:4,(anonymous_4)
FN:4,(anonymous_5)
FN:4,(anonymous_6)
FN:5,(anonymous_7)
FN:5,(anonymous_8)
FN:5,(anonymous_9)
FN:5,(anonymous_10)
FN:5,(anonymous_11)
FN:5,(anonymous_12)
FNF:12
FNH:0
FNDA:0,(anonymous_1)
FNDA:0,(anonymous_2)
FNDA:0,(anonymous_3)
FNDA:0,(anonymous_4)
FNDA:0,(anonymous_5)
FNDA:0,(anonymous_6)
FNDA:0,(anonymous_7)
FNDA:0,(anonymous_8)
FNDA:0,(anonymous_9)
FNDA:0,(anonymous_10)
FNDA:0,(anonymous_11)
FNDA:0,(anonymous_12)
DA:3,0
DA:4,0
DA:5,0
LF:3
LH:0
BRF:0
BRH:0
end_of_record
TN:
SF:src\screens\index.ts
FNF:0
FNH:0
DA:1,0
DA:2,0
DA:3,0
DA:4,0
DA:5,0
LF:5
LH:0
BRF:0
BRH:0
end_of_record
TN:
SF:src\screens\auth\index.ts
FN:3,(anonymous_5)
FNF:1
FNH:0
FNDA:0,(anonymous_5)
DA:2,0
DA:3,0
LF:2
LH:0
BRF:0
BRH:0
end_of_record
TN:
SF:src\screens\chat\index.ts
FN:2,(anonymous_0)
FN:3,(anonymous_1)
FN:4,(anonymous_2)
FN:5,(anonymous_3)
FN:6,(anonymous_4)
FN:7,(anonymous_5)
FNF:6
FNH:0
FNDA:0,(anonymous_0)
FNDA:0,(anonymous_1)
FNDA:0,(anonymous_2)
FNDA:0,(anonymous_3)
FNDA:0,(anonymous_4)
FNDA:0,(anonymous_5)
DA:2,0
DA:3,0
DA:4,0
DA:5,0
DA:6,0
DA:7,0
LF:6
LH:0
BRF:0
BRH:0
end_of_record
TN:
SF:src\screens\contacts\ContactsMainScreen.styles.ts
FNF:0
FNH:0
DA:2,0
DA:3,0
DA:5,0
DA:142,0
LF:4
LH:0
BRF:0
BRH:0
end_of_record
TN:
SF:src\screens\contacts\index.ts
FNF:0
FNH:0
DA:2,0
DA:3,0
DA:6,0
DA:8,0
LF:4
LH:0
BRF:0
BRH:0
end_of_record
TN:
SF:src\screens\contacts\components\ContactsScreenHandlers.tsx
FN:17,(anonymous_0)
FN:28,(anonymous_1)
FN:44,(anonymous_2)
FN:48,(anonymous_3)
FN:52,(anonymous_4)
FN:77,(anonymous_5)
FN:84,(anonymous_6)
FN:113,(anonymous_7)
FN:124,(anonymous_8)
FN:152,(anonymous_9)
FNF:10
FNH:0
FNDA:0,(anonymous_0)
FNDA:0,(anonymous_1)
FNDA:0,(anonymous_2)
FNDA:0,(anonymous_3)
FNDA:0,(anonymous_4)
FNDA:0,(anonymous_5)
FNDA:0,(anonymous_6)
FNDA:0,(anonymous_7)
FNDA:0,(anonymous_8)
FNDA:0,(anonymous_9)
DA:2,0
DA:3,0
DA:4,0
DA:17,0
DA:28,0
DA:29,0
DA:30,0
DA:32,0
DA:33,0
DA:36,0
DA:37,0
DA:39,0
DA:43,0
DA:44,0
DA:45,0
DA:48,0
DA:52,0
DA:53,0
DA:62,0
DA:65,0
DA:66,0
DA:67,0
DA:68,0
DA:69,0
DA:73,0
DA:77,0
DA:84,0
DA:85,0
DA:87,0
DA:88,0
DA:90,0
DA:91,0
DA:93,0
DA:94,0
DA:96,0
DA:103,0
DA:105,0
DA:113,0
DA:114,0
DA:115,0
DA:116,0
DA:119,0
DA:120,0
DA:121,0
DA:124,0
DA:130,0
DA:132,0
DA:133,0
DA:135,0
DA:142,0
DA:144,0
DA:152,0
DA:153,0
DA:155,0
DA:156,0
DA:157,0
DA:158,0
DA:160,0
DA:162,0
DA:166,0
LF:60
LH:0
BRDA:43,0,0,0
BRDA:43,0,1,0
BRDA:65,1,0,0
BRDA:65,2,0,0
BRDA:65,2,1,0
BRDA:65,2,2,0
BRDA:67,3,0,0
BRDA:67,4,0,0
BRDA:67,4,1,0
BRDA:85,5,0,0
BRDA:114,6,0,0
BRF:11
BRH:0
end_of_record
TN:
SF:src\screens\contacts\components\ContactsScreenState.tsx
FN:7,(anonymous_1)
FN:48,(anonymous_2)
FN:49,(anonymous_3)
FN:68,(anonymous_4)
FN:87,(anonymous_5)
FNF:5
FNH:0
FNDA:0,(anonymous_1)
FNDA:0,(anonymous_2)
FNDA:0,(anonymous_3)
FNDA:0,(anonymous_4)
FNDA:0,(anonymous_5)
DA:2,0
DA:3,0
DA:5,0
DA:7,0
DA:8,0
DA:9,0
DA:10,0
DA:11,0
DA:12,0
DA:13,0
DA:14,0
DA:15,0
DA:18,0
DA:45,0
DA:48,0
DA:49,0
DA:50,0
DA:51,0
DA:52,0
DA:53,0
DA:54,0
DA:55,0
DA:58,0
DA:60,0
DA:64,0
DA:68,0
DA:69,0
DA:71,0
DA:73,0
DA:76,0
DA:78,0
DA:80,0
DA:82,0
DA:87,0
DA:88,0
DA:89,0
DA:90,0
DA:92,0
DA:97,0
LF:39
LH:0
BRDA:52,0,0,0
BRF:1
BRH:0
end_of_record
TN:
SF:src\screens\events\CreateEventScreen.styles.ts
FNF:0
FNH:0
DA:2,0
DA:4,0
LF:2
LH:0
BRF:0
BRH:0
end_of_record
TN:
SF:src\screens\events\EventDetailScreen.styles.ts
FNF:0
FNH:0
DA:2,0
DA:4,0
LF:2
LH:0
BRF:0
BRH:0
end_of_record
TN:
SF:src\screens\events\InviteContactsScreen.styles.ts
FNF:0
FNH:0
DA:2,0
DA:4,0
LF:2
LH:0
BRF:0
BRH:0
end_of_record
TN:
SF:src\screens\events\index.ts
FN:2,(anonymous_5)
FNF:1
FNH:0
FNDA:0,(anonymous_5)
DA:1,0
DA:2,0
DA:3,0
DA:4,0
LF:4
LH:0
BRF:0
BRH:0
end_of_record
TN:
SF:src\screens\events\components\BulkInvitationManager.styles.ts
FNF:0
FNH:0
DA:2,0
DA:4,0
LF:2
LH:0
BRF:0
BRH:0
end_of_record
TN:
SF:src\screens\events\components\InvitationTargetCard.styles.ts
FNF:0
FNH:0
DA:2,0
DA:4,0
LF:2
LH:0
BRF:0
BRH:0
end_of_record
TN:
SF:src\screens\events\components\index.ts
FN:2,(anonymous_0)
FN:3,(anonymous_1)
FNF:2
FNH:0
FNDA:0,(anonymous_0)
FNDA:0,(anonymous_1)
DA:2,0
DA:3,0
LF:2
LH:0
BRF:0
BRH:0
end_of_record
TN:
SF:src\screens\exchanges\BobTestScenario.styles.ts
FNF:0
FNH:0
DA:2,0
DA:4,0
LF:2
LH:0
BRF:0
BRH:0
end_of_record
TN:
SF:src\screens\exchanges\BoberCardScreen.styles.ts
FNF:0
FNH:0
DA:2,0
DA:4,0
LF:2
LH:0
BRF:0
BRH:0
end_of_record
TN:
SF:src\screens\exchanges\BorrowItemScreen.styles.ts
FNF:0
FNH:0
DA:2,0
DA:4,0
LF:2
LH:0
BRF:0
BRH:0
end_of_record
TN:
SF:src\screens\exchanges\BrowseExchangesScreen.styles.ts
FNF:0
FNH:0
DA:2,0
DA:4,0
LF:2
LH:0
BRF:0
BRH:0
end_of_record
TN:
SF:src\screens\exchanges\CreateBoberScreen.styles.ts
FNF:0
FNH:0
DA:2,0
DA:4,0
LF:2
LH:0
BRF:0
BRH:0
end_of_record
TN:
SF:src\screens\exchanges\CreateBorrowRequestScreen.styles.ts
FNF:0
FNH:0
DA:2,0
DA:4,0
LF:2
LH:0
BRF:0
BRH:0
end_of_record
TN:
SF:src\screens\exchanges\CreateExchangeScreen.styles.ts
FNF:0
FNH:0
DA:2,0
DA:4,0
LF:2
LH:0
BRF:0
BRH:0
end_of_record
TN:
SF:src\screens\exchanges\DataInjectionScreen.styles.ts
FNF:0
FNH:0
DA:2,0
DA:4,0
LF:2
LH:0
BRF:0
BRH:0
end_of_record
TN:
SF:src\screens\exchanges\ExchangeChatScreen.styles.ts
FNF:0
FNH:0
DA:2,0
DA:4,0
LF:2
LH:0
BRF:0
BRH:0
end_of_record
TN:
SF:src\screens\exchanges\ExchangeStatusManager.styles.ts
FNF:0
FNH:0
DA:2,0
DA:4,0
LF:2
LH:0
BRF:0
BRH:0
end_of_record
TN:
SF:src\screens\exchanges\ExchangeTrackingScreen.styles.ts
FNF:0
FNH:0
DA:2,0
DA:4,0
LF:2
LH:0
BRF:0
BRH:0
end_of_record
TN:
SF:src\screens\exchanges\ExchangesScreen.styles.ts
FNF:0
FNH:0
DA:2,0
DA:4,0
LF:2
LH:0
BRF:0
BRH:0
end_of_record
TN:
SF:src\screens\exchanges\LendItemScreen.styles.ts
FNF:0
FNH:0
DA:2,0
DA:4,0
LF:2
LH:0
BRF:0
BRH:0
end_of_record
TN:
SF:src\screens\exchanges\ReceivedRequestsScreen.styles.ts
FNF:0
FNH:0
DA:2,0
DA:4,0
LF:2
LH:0
BRF:0
BRH:0
end_of_record
TN:
SF:src\screens\exchanges\VerifyStrapi.styles.ts
FNF:0
FNH:0
DA:2,0
DA:4,0
LF:2
LH:0
BRF:0
BRH:0
end_of_record
TN:
SF:src\screens\exchanges\index.ts
FN:7,(anonymous_5)
FN:8,(anonymous_6)
FNF:2
FNH:0
FNDA:0,(anonymous_5)
FNDA:0,(anonymous_6)
DA:2,0
DA:3,0
DA:4,0
DA:5,0
DA:6,0
DA:7,0
DA:8,0
LF:7
LH:0
BRF:0
BRH:0
end_of_record
TN:
SF:src\screens\main\ChatListScreen.styles.ts
FNF:0
FNH:0
DA:2,0
DA:4,0
LF:2
LH:0
BRF:0
BRH:0
end_of_record
TN:
SF:src\screens\main\ContactsScreen.styles.ts
FNF:0
FNH:0
DA:2,0
DA:3,0
DA:5,0
DA:142,0
LF:4
LH:0
BRF:0
BRH:0
end_of_record
TN:
SF:src\screens\main\HomeScreen.styles.ts
FNF:0
FNH:0
DA:2,0
DA:4,0
LF:2
LH:0
BRF:0
BRH:0
end_of_record
TN:
SF:src\screens\main\ProfileScreen.styles.ts
FNF:0
FNH:0
DA:2,0
DA:4,0
LF:2
LH:0
BRF:0
BRH:0
end_of_record
TN:
SF:src\screens\main\index.ts
FN:2,(anonymous_0)
FN:3,(anonymous_1)
FN:4,(anonymous_2)
FN:5,(anonymous_3)
FNF:4
FNH:0
FNDA:0,(anonymous_0)
FNDA:0,(anonymous_1)
FNDA:0,(anonymous_2)
FNDA:0,(anonymous_3)
DA:2,0
DA:3,0
DA:4,0
DA:5,0
LF:4
LH:0
BRF:0
BRH:0
end_of_record
TN:
SF:src\screens\modals\CreateBoberScreen.styles.ts
FNF:0
FNH:0
DA:2,0
DA:4,0
LF:2
LH:0
BRF:0
BRH:0
end_of_record
TN:
SF:src\screens\modals\CreateEventScreen.styles.ts
FNF:0
FNH:0
DA:2,0
DA:4,0
LF:2
LH:0
BRF:0
BRH:0
end_of_record
TN:
SF:src\screens\modals\CreateExchangeScreen.styles.ts
FNF:0
FNH:0
DA:2,0
DA:4,0
LF:2
LH:0
BRF:0
BRH:0
end_of_record
TN:
SF:src\screens\modals\index.ts
FN:2,(anonymous_0)
FN:3,(anonymous_1)
FN:4,(anonymous_2)
FNF:3
FNH:0
FNDA:0,(anonymous_0)
FNDA:0,(anonymous_1)
FNDA:0,(anonymous_2)
DA:2,0
DA:3,0
DA:4,0
LF:3
LH:0
BRF:0
BRH:0
end_of_record
TN:
SF:src\screens\profile\ProfileScreen.styles.ts
FNF:0
FNH:0
DA:2,0
DA:4,0
LF:2
LH:0
BRF:0
BRH:0
end_of_record
TN:
SF:src\screens\profile\index.ts
FN:2,(anonymous_5)
FNF:1
FNH:0
FNDA:0,(anonymous_5)
DA:1,0
DA:2,0
LF:2
LH:0
BRF:0
BRH:0
end_of_record
TN:
SF:src\services\auth.service.ts
FN:19,(anonymous_0)
FN:54,(anonymous_1)
FN:78,(anonymous_2)
FN:132,(anonymous_3)
FN:137,(anonymous_4)
FN:152,(anonymous_5)
FN:197,(anonymous_6)
FN:222,(anonymous_7)
FN:253,(anonymous_8)
FN:259,(anonymous_9)
FN:265,(anonymous_10)
FN:271,(anonymous_11)
FN:274,(anonymous_12)
FN:283,(anonymous_13)
FN:299,(anonymous_14)
FN:319,(anonymous_15)
FN:347,(anonymous_16)
FNF:17
FNH:0
FNDA:0,(anonymous_0)
FNDA:0,(anonymous_1)
FNDA:0,(anonymous_2)
FNDA:0,(anonymous_3)
FNDA:0,(anonymous_4)
FNDA:0,(anonymous_5)
FNDA:0,(anonymous_6)
FNDA:0,(anonymous_7)
FNDA:0,(anonymous_8)
FNDA:0,(anonymous_9)
FNDA:0,(anonymous_10)
FNDA:0,(anonymous_11)
FNDA:0,(anonymous_12)
FNDA:0,(anonymous_13)
FNDA:0,(anonymous_14)
FNDA:0,(anonymous_15)
FNDA:0,(anonymous_16)
DA:2,0
DA:3,0
DA:5,0
DA:11,0
DA:12,0
DA:13,0
DA:20,0
DA:23,0
DA:24,0
DA:25,0
DA:27,0
DA:29,0
DA:30,0
DA:31,0
DA:32,0
DA:35,0
DA:36,0
DA:39,0
DA:40,0
DA:41,0
DA:43,0
DA:46,0
DA:49,0
DA:50,0
DA:55,0
DA:57,0
DA:59,0
DA:60,0
DA:61,0
DA:64,0
DA:65,0
DA:68,0
DA:69,0
DA:70,0
DA:72,0
DA:75,0
DA:79,0
DA:81,0
DA:83,0
DA:84,0
DA:87,0
DA:88,0
DA:89,0
DA:90,0
DA:95,0
DA:96,0
DA:101,0
DA:103,0
DA:104,0
DA:105,0
DA:109,0
DA:110,0
DA:111,0
DA:112,0
DA:113,0
DA:117,0
DA:118,0
DA:120,0
DA:121,0
DA:126,0
DA:127,0
DA:128,0
DA:133,0
DA:134,0
DA:138,0
DA:139,0
DA:140,0
DA:141,0
DA:143,0
DA:144,0
DA:153,0
DA:155,0
DA:156,0
DA:159,0
DA:160,0
DA:163,0
DA:167,0
DA:168,0
DA:170,0
DA:171,0
DA:172,0
DA:176,0
DA:178,0
DA:179,0
DA:180,0
DA:181,0
DA:185,0
DA:186,0
DA:187,0
DA:189,0
DA:192,0
DA:193,0
DA:198,0
DA:200,0
DA:201,0
DA:205,0
DA:206,0
DA:207,0
DA:208,0
DA:211,0
DA:213,0
DA:214,0
DA:223,0
DA:225,0
DA:226,0
DA:227,0
DA:231,0
DA:232,0
DA:233,0
DA:237,0
DA:239,0
DA:240,0
DA:241,0
DA:243,0
DA:244,0
DA:248,0
DA:249,0
DA:254,0
DA:255,0
DA:260,0
DA:262,0
DA:264,0
DA:266,0
DA:267,0
DA:268,0
DA:272,0
DA:275,0
DA:284,0
DA:286,0
DA:289,0
DA:290,0
DA:292,0
DA:294,0
DA:295,0
DA:300,0
DA:302,0
DA:305,0
DA:306,0
DA:307,0
DA:309,0
DA:311,0
DA:320,0
DA:322,0
DA:324,0
DA:325,0
DA:328,0
DA:329,0
DA:330,0
DA:333,0
DA:334,0
DA:335,0
DA:336,0
DA:340,0
DA:343,0
DA:348,0
DA:350,0
DA:351,0
DA:352,0
DA:353,0
DA:354,0
DA:355,0
DA:357,0
DA:358,0
DA:359,0
DA:362,0
DA:368,0
LF:166
LH:0
BRDA:29,0,0,0
BRDA:59,1,0,0
BRDA:61,2,0,0
BRDA:61,2,1,0
BRDA:83,3,0,0
BRDA:83,4,0,0
BRDA:83,4,1,0
BRDA:88,5,0,0
BRDA:88,5,1,0
BRDA:103,6,0,0
BRDA:110,7,0,0
BRDA:120,8,0,0
BRDA:120,8,1,0
BRDA:140,9,0,0
BRDA:140,9,1,0
BRDA:155,10,0,0
BRDA:159,11,0,0
BRDA:170,12,0,0
BRDA:178,13,0,0
BRDA:200,14,0,0
BRDA:206,15,0,0
BRDA:225,16,0,0
BRDA:225,17,0,0
BRDA:225,17,1,0
BRDA:231,18,0,0
BRDA:239,19,0,0
BRDA:239,19,1,0
BRDA:254,20,0,0
BRDA:260,21,0,0
BRDA:260,22,0,0
BRDA:260,22,1,0
BRDA:266,23,0,0
BRDA:324,24,0,0
BRDA:324,24,1,0
BRDA:325,25,0,0
BRDA:325,25,1,0
BRDA:325,26,0,0
BRDA:325,26,1,0
BRDA:329,27,0,0
BRDA:329,27,1,0
BRDA:330,28,0,0
BRDA:330,28,1,0
BRDA:330,29,0,0
BRDA:330,29,1,0
BRDA:334,30,0,0
BRDA:336,31,0,0
BRDA:336,31,1,0
BRDA:352,32,0,0
BRDA:352,32,1,0
BRF:49
BRH:0
end_of_record
TN:
SF:src\services\besoins.service.ts
FN:102,(anonymous_0)
FN:124,(anonymous_1)
FN:143,(anonymous_2)
FN:164,(anonymous_3)
FN:185,(anonymous_4)
FN:212,(anonymous_5)
FN:232,(anonymous_6)
FN:253,(anonymous_7)
FN:278,(anonymous_8)
FN:299,(anonymous_9)
FN:303,(anonymous_10)
FN:307,(anonymous_11)
FN:311,(anonymous_12)
FN:315,(anonymous_13)
FNF:14
FNH:0
FNDA:0,(anonymous_0)
FNDA:0,(anonymous_1)
FNDA:0,(anonymous_2)
FNDA:0,(anonymous_3)
FNDA:0,(anonymous_4)
FNDA:0,(anonymous_5)
FNDA:0,(anonymous_6)
FNDA:0,(anonymous_7)
FNDA:0,(anonymous_8)
FNDA:0,(anonymous_9)
FNDA:0,(anonymous_10)
FNDA:0,(anonymous_11)
FNDA:0,(anonymous_12)
FNDA:0,(anonymous_13)
DA:2,0
DA:3,0
DA:97,0
DA:98,0
DA:103,0
DA:104,0
DA:105,0
DA:107,0
DA:108,0
DA:110,0
DA:112,0
DA:113,0
DA:116,0
DA:117,0
DA:119,0
DA:120,0
DA:125,0
DA:126,0
DA:127,0
DA:129,0
DA:131,0
DA:132,0
DA:135,0
DA:136,0
DA:138,0
DA:139,0
DA:144,0
DA:145,0
DA:146,0
DA:148,0
DA:150,0
DA:151,0
DA:152,0
DA:155,0
DA:156,0
DA:157,0
DA:159,0
DA:160,0
DA:165,0
DA:166,0
DA:167,0
DA:169,0
DA:171,0
DA:172,0
DA:173,0
DA:176,0
DA:177,0
DA:178,0
DA:180,0
DA:181,0
DA:186,0
DA:187,0
DA:188,0
DA:190,0
DA:196,0
DA:197,0
DA:198,0
DA:201,0
DA:202,0
DA:203,0
DA:205,0
DA:206,0
DA:213,0
DA:214,0
DA:215,0
DA:217,0
DA:218,0
DA:220,0
DA:221,0
DA:224,0
DA:225,0
DA:227,0
DA:228,0
DA:233,0
DA:234,0
DA:235,0
DA:237,0
DA:239,0
DA:240,0
DA:241,0
DA:244,0
DA:245,0
DA:246,0
DA:248,0
DA:249,0
DA:254,0
DA:255,0
DA:256,0
DA:258,0
DA:264,0
DA:265,0
DA:266,0
DA:269,0
DA:270,0
DA:271,0
DA:273,0
DA:274,0
DA:279,0
DA:280,0
DA:281,0
DA:283,0
DA:285,0
DA:286,0
DA:287,0
DA:290,0
DA:292,0
DA:293,0
DA:300,0
DA:304,0
DA:308,0
DA:312,0
DA:317,0
DA:321,0
LF:113
LH:0
BRDA:105,0,0,0
BRDA:107,1,0,0
BRDA:107,1,1,0
BRDA:108,2,0,0
BRDA:108,2,1,0
BRDA:112,3,0,0
BRDA:117,4,0,0
BRDA:117,4,1,0
BRDA:127,5,0,0
BRDA:131,6,0,0
BRDA:146,7,0,0
BRDA:150,8,0,0
BRDA:152,9,0,0
BRDA:152,9,1,0
BRDA:167,10,0,0
BRDA:171,11,0,0
BRDA:173,12,0,0
BRDA:173,12,1,0
BRDA:188,13,0,0
BRDA:196,14,0,0
BRDA:198,15,0,0
BRDA:198,15,1,0
BRDA:215,16,0,0
BRDA:217,17,0,0
BRDA:217,17,1,0
BRDA:220,18,0,0
BRDA:225,19,0,0
BRDA:225,19,1,0
BRDA:235,20,0,0
BRDA:239,21,0,0
BRDA:241,22,0,0
BRDA:241,22,1,0
BRDA:256,23,0,0
BRDA:264,24,0,0
BRDA:266,25,0,0
BRDA:266,25,1,0
BRDA:281,26,0,0
BRDA:285,27,0,0
BRDA:287,28,0,0
BRDA:287,28,1,0
BRF:40
BRH:0
end_of_record
TN:
SF:src\services\index.ts
FNF:0
FNH:0
DA:2,0
DA:3,0
DA:4,0
DA:5,0
DA:6,0
DA:7,0
DA:8,0
DA:9,0
DA:10,0
DA:11,0
DA:12,0
DA:13,0
DA:14,0
LF:13
LH:0
BRF:0
BRH:0
end_of_record
TN:
SF:src\services\storage.service.ts
FN:18,(anonymous_1)
FN:33,(anonymous_2)
FN:47,(anonymous_3)
FN:62,(anonymous_4)
FN:75,(anonymous_5)
FN:94,(anonymous_6)
FN:108,(anonymous_7)
FN:133,(anonymous_8)
FN:148,(anonymous_9)
FN:164,(anonymous_10)
FN:194,(anonymous_11)
FN:216,(anonymous_12)
FN:229,(anonymous_13)
FNF:13
FNH:0
FNDA:0,(anonymous_1)
FNDA:0,(anonymous_2)
FNDA:0,(anonymous_3)
FNDA:0,(anonymous_4)
FNDA:0,(anonymous_5)
FNDA:0,(anonymous_6)
FNDA:0,(anonymous_7)
FNDA:0,(anonymous_8)
FNDA:0,(anonymous_9)
FNDA:0,(anonymous_10)
FNDA:0,(anonymous_11)
FNDA:0,(anonymous_12)
FNDA:0,(anonymous_13)
DA:2,0
DA:6,0
DA:12,0
DA:19,0
DA:20,0
DA:22,0
DA:23,0
DA:25,0
DA:26,0
DA:34,0
DA:35,0
DA:36,0
DA:37,0
DA:39,0
DA:40,0
DA:48,0
DA:49,0
DA:50,0
DA:51,0
DA:53,0
DA:63,0
DA:64,0
DA:65,0
DA:67,0
DA:68,0
DA:76,0
DA:77,0
DA:78,0
DA:79,0
DA:80,0
DA:81,0
DA:83,0
DA:84,0
DA:86,0
DA:87,0
DA:95,0
DA:96,0
DA:97,0
DA:99,0
DA:109,0
DA:110,0
DA:111,0
DA:113,0
DA:114,0
DA:115,0
DA:118,0
DA:120,0
DA:121,0
DA:123,0
DA:125,0
DA:126,0
DA:134,0
DA:135,0
DA:139,0
DA:141,0
DA:149,0
DA:150,0
DA:154,0
DA:156,0
DA:157,0
DA:165,0
DA:166,0
DA:172,0
DA:173,0
DA:174,0
DA:177,0
DA:179,0
DA:180,0
DA:182,0
DA:184,0
DA:185,0
DA:195,0
DA:196,0
DA:202,0
DA:203,0
DA:204,0
DA:205,0
DA:207,0
DA:217,0
DA:218,0
DA:219,0
DA:221,0
DA:222,0
DA:230,0
DA:231,0
DA:232,0
DA:234,0
DA:235,0
LF:88
LH:0
BRDA:36,0,0,0
BRDA:36,0,1,0
BRDA:78,1,0,0
BRDA:111,2,0,0
BRDA:172,3,0,0
BRDA:172,4,0,0
BRDA:172,4,1,0
BRDA:172,4,2,0
BRDA:179,5,0,0
BRDA:203,6,0,0
BRDA:203,6,1,0
BRDA:204,7,0,0
BRDA:204,7,1,0
BRDA:205,8,0,0
BRDA:205,8,1,0
BRDA:232,9,0,0
BRDA:232,9,1,0
BRF:17
BRH:0
end_of_record
TN:
SF:src\styles\global.ts
FNF:0
FNH:0
DA:2,0
DA:3,0
DA:5,0
LF:3
LH:0
BRF:0
BRH:0
end_of_record
TN:
SF:src\styles\index.ts
FNF:0
FNH:0
DA:2,0
DA:3,0
LF:2
LH:0
BRF:0
BRH:0
end_of_record
TN:
SF:src\styles\tokens.ts
FNF:0
FNH:0
DA:2,0
DA:22,0
DA:31,0
DA:49,0
LF:4
LH:0
BRF:0
BRH:0
end_of_record
TN:
SF:src\styles\web.ts
FN:106,(anonymous_0)
FN:110,(anonymous_1)
FN:114,(anonymous_2)
FN:118,(anonymous_3)
FNF:4
FNH:0
FNDA:0,(anonymous_0)
FNDA:0,(anonymous_1)
FNDA:0,(anonymous_2)
FNDA:0,(anonymous_3)
DA:2,0
DA:4,0
DA:6,0
DA:106,0
DA:107,0
DA:110,0
DA:111,0
DA:114,0
DA:115,0
DA:118,0
DA:119,0
LF:11
LH:0
BRDA:9,0,0,0
BRDA:9,0,1,0
BRDA:11,1,0,0
BRDA:11,1,1,0
BRDA:12,2,0,0
BRDA:12,2,1,0
BRDA:17,3,0,0
BRDA:17,3,1,0
BRDA:19,4,0,0
BRDA:19,4,1,0
BRDA:20,5,0,0
BRDA:20,5,1,0
BRDA:21,6,0,0
BRDA:21,6,1,0
BRDA:22,7,0,0
BRDA:22,7,1,0
BRDA:28,8,0,0
BRDA:28,8,1,0
BRDA:28,9,0,0
BRDA:28,9,1,0
BRDA:29,10,0,0
BRDA:29,10,1,0
BRDA:29,11,0,0
BRDA:29,11,1,0
BRDA:30,12,0,0
BRDA:30,12,1,0
BRDA:30,13,0,0
BRDA:30,13,1,0
BRDA:31,14,0,0
BRDA:31,14,1,0
BRDA:31,15,0,0
BRDA:31,15,1,0
BRDA:36,16,0,0
BRDA:36,16,1,0
BRDA:36,17,0,0
BRDA:36,17,1,0
BRDA:38,18,0,0
BRDA:38,18,1,0
BRDA:43,19,0,0
BRDA:43,19,1,0
BRDA:44,20,0,0
BRDA:44,20,1,0
BRDA:45,21,0,0
BRDA:45,21,1,0
BRDA:46,22,0,0
BRDA:46,22,1,0
BRDA:51,23,0,0
BRDA:51,23,1,0
BRDA:52,24,0,0
BRDA:52,24,1,0
BRDA:53,25,0,0
BRDA:53,25,1,0
BRDA:54,26,0,0
BRDA:54,26,1,0
BRDA:59,27,0,0
BRDA:59,27,1,0
BRDA:60,28,0,0
BRDA:60,28,1,0
BRDA:65,29,0,0
BRDA:65,29,1,0
BRDA:66,30,0,0
BRDA:66,30,1,0
BRDA:67,31,0,0
BRDA:67,31,1,0
BRDA:72,32,0,0
BRDA:72,32,1,0
BRDA:74,33,0,0
BRDA:74,33,1,0
BRDA:75,34,0,0
BRDA:75,34,1,0
BRDA:80,35,0,0
BRDA:80,35,1,0
BRDA:82,36,0,0
BRDA:82,36,1,0
BRDA:83,37,0,0
BRDA:83,37,1,0
BRDA:89,38,0,0
BRDA:89,38,1,0
BRDA:90,39,0,0
BRDA:90,39,1,0
BRDA:95,40,0,0
BRDA:95,40,1,0
BRDA:95,41,0,0
BRDA:95,41,1,0
BRDA:96,42,0,0
BRDA:96,42,1,0
BRDA:96,43,0,0
BRDA:96,43,1,0
BRDA:97,44,0,0
BRDA:97,44,1,0
BRDA:101,45,0,0
BRDA:101,45,1,0
BRDA:101,46,0,0
BRDA:101,46,1,0
BRDA:102,47,0,0
BRDA:102,47,1,0
BRDA:102,48,0,0
BRDA:102,48,1,0
BRDA:107,49,0,0
BRDA:107,49,1,0
BRDA:111,50,0,0
BRDA:111,50,1,0
BRDA:115,51,0,0
BRDA:115,51,1,0
BRDA:118,52,0,0
BRDA:119,53,0,0
BRDA:119,53,1,0
BRF:107
BRH:0
end_of_record
TN:
SF:src\styles\webDesign.ts
FN:317,(anonymous_0)
FN:321,(anonymous_1)
FNF:2
FNH:0
FNDA:0,(anonymous_0)
FNDA:0,(anonymous_1)
DA:2,0
DA:4,0
DA:6,0
DA:7,0
DA:8,0
DA:9,0
DA:12,0
DA:69,0
DA:105,0
DA:117,0
DA:128,0
DA:317,0
DA:318,0
DA:321,0
DA:326,0
DA:327,0
DA:328,0
DA:332,0
LF:18
LH:0
BRDA:8,0,0,0
BRDA:8,0,1,0
BRDA:285,1,0,0
BRDA:285,1,1,0
BRDA:286,2,0,0
BRDA:286,2,1,0
BRDA:287,3,0,0
BRDA:287,3,1,0
BRDA:291,4,0,0
BRDA:291,4,1,0
BRDA:292,5,0,0
BRDA:292,5,1,0
BRDA:293,6,0,0
BRDA:293,6,1,0
BRDA:317,7,0,0
BRDA:318,8,0,0
BRDA:318,8,1,0
BRDA:322,9,0,0
BRDA:323,10,0,0
BRDA:324,11,0,0
BRDA:326,12,0,0
BRDA:327,13,0,0
BRF:22
BRH:0
end_of_record
TN:
SF:src\utils\ImageCache.tsx
FN:8,(anonymous_1)
FN:25,(anonymous_2)
FN:26,(anonymous_3)
FN:30,(anonymous_4)
FN:37,(anonymous_5)
FN:40,(anonymous_6)
FN:41,(anonymous_7)
FNF:7
FNH:0
FNDA:0,(anonymous_1)
FNDA:0,(anonymous_2)
FNDA:0,(anonymous_3)
FNDA:0,(anonymous_4)
FNDA:0,(anonymous_5)
FNDA:0,(anonymous_6)
FNDA:0,(anonymous_7)
DA:2,0
DA:3,0
DA:5,0
DA:6,0
DA:9,0
DA:10,0
DA:12,0
DA:13,0
DA:16,0
DA:17,0
DA:18,0
DA:20,0
DA:21,0
DA:26,0
DA:27,0
DA:31,0
DA:32,0
DA:37,0
DA:38,0
DA:40,0
DA:41,0
DA:42,0
DA:46,0
LF:23
LH:0
BRDA:12,0,0,0
BRDA:32,1,0,0
BRDA:32,1,1,0
BRF:3
BRH:0
end_of_record
TN:
SF:src\utils\cache.ts
FN:16,(anonymous_0)
FN:33,(anonymous_1)
FN:44,(anonymous_2)
FN:51,(anonymous_3)
FN:58,(anonymous_4)
FN:70,(anonymous_5)
FN:96,cachedApiCall
FN:117,(anonymous_7)
FNF:8
FNH:0
FNDA:0,(anonymous_0)
FNDA:0,(anonymous_1)
FNDA:0,(anonymous_2)
FNDA:0,(anonymous_3)
FNDA:0,(anonymous_4)
FNDA:0,(anonymous_5)
FNDA:0,cachedApiCall
FNDA:0,(anonymous_7)
DA:10,0
DA:11,0
DA:17,0
DA:19,0
DA:22,0
DA:23,0
DA:24,0
DA:27,0
DA:34,0
DA:45,0
DA:52,0
DA:59,0
DA:60,0
DA:61,0
DA:62,0
DA:71,0
DA:72,0
DA:73,0
DA:75,0
DA:76,0
DA:77,0
DA:79,0
DA:83,0
DA:91,0
DA:96,0
DA:102,0
DA:103,0
DA:104,0
DA:105,0
DA:109,0
DA:110,0
DA:111,0
DA:113,0
DA:117,0
DA:118,0
DA:119,0
LF:36
LH:0
BRDA:19,0,0,0
BRDA:22,1,0,0
BRDA:33,2,0,0
BRDA:61,3,0,0
BRDA:76,4,0,0
BRDA:76,4,1,0
BRDA:103,5,0,0
BRF:7
BRH:0
end_of_record
TN:
SF:src\utils\dateHelpers.ts
FN:2,(anonymous_0)
FNF:1
FNH:0
FNDA:0,(anonymous_0)
DA:2,0
DA:3,0
DA:4,0
DA:5,0
DA:6,0
DA:7,0
DA:8,0
DA:10,0
DA:11,0
DA:12,0
DA:13,0
DA:14,0
LF:12
LH:0
BRDA:10,0,0,0
BRDA:11,1,0,0
BRDA:11,2,0,0
BRDA:11,2,1,0
BRDA:12,3,0,0
BRDA:12,4,0,0
BRDA:12,4,1,0
BRDA:13,5,0,0
BRDA:13,6,0,0
BRDA:13,6,1,0
BRF:10
BRH:0
end_of_record
TN:
SF:src\utils\error-handler.ts
FN:6,(anonymous_0)
FN:25,(anonymous_1)
FN:63,(anonymous_2)
FN:176,(anonymous_3)
FN:225,(anonymous_4)
FN:272,(anonymous_5)
FN:279,(anonymous_6)
FN:295,(anonymous_7)
FN:310,withErrorHandling
FN:326,withRetry
FN:352,(anonymous_10)
FNF:11
FNH:0
FNDA:0,(anonymous_0)
FNDA:0,(anonymous_1)
FNDA:0,(anonymous_2)
FNDA:0,(anonymous_3)
FNDA:0,(anonymous_4)
FNDA:0,(anonymous_5)
FNDA:0,(anonymous_6)
FNDA:0,(anonymous_7)
FNDA:0,withErrorHandling
FNDA:0,withRetry
FNDA:0,(anonymous_10)
DA:3,0
DA:5,0
DA:8,0
DA:9,0
DA:10,0
DA:12,0
DA:13,0
DA:20,0
DA:27,0
DA:28,0
DA:32,0
DA:33,0
DA:42,0
DA:43,0
DA:47,0
DA:48,0
DA:52,0
DA:64,0
DA:66,0
DA:68,0
DA:76,0
DA:84,0
DA:92,0
DA:93,0
DA:100,0
DA:101,0
DA:108,0
DA:116,0
DA:117,0
DA:124,0
DA:125,0
DA:132,0
DA:140,0
DA:141,0
DA:148,0
DA:156,0
DA:164,0
DA:177,0
DA:179,0
DA:187,0
DA:195,0
DA:205,0
DA:213,0
DA:227,0
DA:229,0
DA:232,0
DA:235,0
DA:238,0
DA:241,0
DA:244,0
DA:247,0
DA:250,0
DA:253,0
DA:256,0
DA:259,0
DA:262,0
DA:265,0
DA:273,0
DA:280,0
DA:288,0
DA:296,0
DA:310,0
DA:314,0
DA:315,0
DA:317,0
DA:318,0
DA:319,0
DA:326,0
DA:334,0
DA:335,0
DA:336,0
DA:338,0
DA:341,0
DA:342,0
DA:346,0
DA:347,0
DA:351,0
DA:352,0
DA:356,0
LF:79
LH:0
BRDA:27,0,0,0
BRDA:32,1,0,0
BRDA:32,2,0,0
BRDA:32,2,1,0
BRDA:42,3,0,0
BRDA:47,4,0,0
BRDA:48,5,0,0
BRDA:48,5,1,0
BRDA:53,6,0,0
BRDA:53,6,1,0
BRDA:66,7,0,0
BRDA:66,7,1,0
BRDA:66,7,2,0
BRDA:66,7,3,0
BRDA:66,7,4,0
BRDA:66,7,5,0
BRDA:66,7,6,0
BRDA:66,7,7,0
BRDA:69,8,0,0
BRDA:69,8,1,0
BRDA:92,9,0,0
BRDA:100,10,0,0
BRDA:116,11,0,0
BRDA:124,12,0,0
BRDA:133,13,0,0
BRDA:133,13,1,0
BRDA:140,14,0,0
BRDA:149,15,0,0
BRDA:149,15,1,0
BRDA:165,16,0,0
BRDA:165,16,1,0
BRDA:177,17,0,0
BRDA:177,17,1,0
BRDA:177,17,2,0
BRDA:177,17,3,0
BRDA:177,17,4,0
BRDA:177,17,5,0
BRDA:177,17,6,0
BRDA:214,18,0,0
BRDA:214,18,1,0
BRDA:227,19,0,0
BRDA:227,19,1,0
BRDA:227,19,2,0
BRDA:227,19,3,0
BRDA:227,19,4,0
BRDA:227,19,5,0
BRDA:227,19,6,0
BRDA:227,19,7,0
BRDA:227,19,8,0
BRDA:227,19,9,0
BRDA:227,19,10,0
BRDA:227,19,11,0
BRDA:227,19,12,0
BRDA:265,20,0,0
BRDA:265,20,1,0
BRDA:273,21,0,0
BRDA:273,21,1,0
BRDA:288,22,0,0
BRDA:288,22,1,0
BRDA:288,22,2,0
BRDA:288,22,3,0
BRDA:328,23,0,0
BRDA:329,24,0,0
BRDA:341,25,0,0
BRDA:346,26,0,0
BRF:65
BRH:0
end_of_record
TN:
SF:src\utils\logger.ts
FN:34,(anonymous_0)
FN:62,(anonymous_1)
FN:84,(anonymous_2)
FN:129,(anonymous_3)
FN:146,(anonymous_4)
FN:154,(anonymous_5)
FN:158,(anonymous_6)
FN:162,(anonymous_7)
FN:166,(anonymous_8)
FN:171,(anonymous_9)
FN:175,(anonymous_10)
FN:179,(anonymous_11)
FN:183,(anonymous_12)
FN:188,(anonymous_13)
FN:196,(anonymous_14)
FN:198,(anonymous_15)
FN:209,(anonymous_16)
FN:210,(anonymous_17)
FN:211,(anonymous_18)
FN:212,(anonymous_19)
FNF:20
FNH:0
FNDA:0,(anonymous_0)
FNDA:0,(anonymous_1)
FNDA:0,(anonymous_2)
FNDA:0,(anonymous_3)
FNDA:0,(anonymous_4)
FNDA:0,(anonymous_5)
FNDA:0,(anonymous_6)
FNDA:0,(anonymous_7)
FNDA:0,(anonymous_8)
FNDA:0,(anonymous_9)
FNDA:0,(anonymous_10)
FNDA:0,(anonymous_11)
FNDA:0,(anonymous_12)
FNDA:0,(anonymous_13)
FNDA:0,(anonymous_14)
FNDA:0,(anonymous_15)
FNDA:0,(anonymous_16)
FNDA:0,(anonymous_17)
FNDA:0,(anonymous_18)
FNDA:0,(anonymous_19)
DA:20,0
DA:28,0
DA:29,0
DA:30,0
DA:31,0
DA:35,0
DA:37,0
DA:39,0
DA:40,0
DA:41,0
DA:42,0
DA:46,0
DA:52,0
DA:53,0
DA:54,0
DA:58,0
DA:63,0
DA:64,0
DA:66,0
DA:67,0
DA:68,0
DA:69,0
DA:71,0
DA:74,0
DA:75,0
DA:78,0
DA:79,0
DA:80,0
DA:81,0
DA:86,0
DA:87,0
DA:88,0
DA:92,0
DA:93,0
DA:94,0
DA:97,0
DA:100,0
DA:101,0
DA:108,0
DA:110,0
DA:111,0
DA:113,0
DA:118,0
DA:119,0
DA:130,0
DA:143,0
DA:147,0
DA:148,0
DA:149,0
DA:155,0
DA:159,0
DA:163,0
DA:167,0
DA:172,0
DA:176,0
DA:180,0
DA:184,0
DA:189,0
DA:190,0
DA:192,0
DA:197,0
DA:198,0
DA:199,0
DA:200,0
DA:206,0
DA:209,0
DA:210,0
DA:211,0
DA:212,0
DA:214,0
LF:70
LH:0
BRDA:21,0,0,0
BRDA:21,0,1,0
BRDA:35,1,0,0
BRDA:35,2,0,0
BRDA:35,2,1,0
BRDA:37,3,0,0
BRDA:37,3,1,0
BRDA:40,4,0,0
BRDA:41,5,0,0
BRDA:41,5,1,0
BRDA:41,6,0,0
BRDA:41,6,1,0
BRDA:42,7,0,0
BRDA:42,7,1,0
BRDA:53,8,0,0
BRDA:53,9,0,0
BRDA:53,9,1,0
BRDA:66,10,0,0
BRDA:66,11,0,0
BRDA:66,11,1,0
BRDA:68,12,0,0
BRDA:74,13,0,0
BRDA:87,14,0,0
BRDA:93,15,0,0
BRDA:97,16,0,0
BRDA:97,16,1,0
BRDA:100,17,0,0
BRDA:110,18,0,0
BRDA:110,18,1,0
BRDA:118,19,0,0
BRDA:143,20,0,0
BRDA:143,20,1,0
BRDA:148,21,0,0
BRDA:175,22,0,0
BRDA:189,23,0,0
BRDA:189,23,1,0
BRF:36
BRH:0
end_of_record
TN:
SF:src\utils\webCSS.ts
FN:5,(anonymous_0)
FNF:1
FNH:0
FNDA:0,(anonymous_0)
DA:2,0
DA:3,0
DA:5,0
DA:6,0
DA:9,0
DA:11,0
DA:12,0
DA:13,0
DA:14,0
DA:16,0
DA:20,0
DA:22,0
DA:23,0
DA:25,0
LF:14
LH:0
BRDA:6,0,0,0
BRDA:9,1,0,0
BRDA:20,2,0,0
BRDA:22,3,0,0
BRDA:22,3,1,0
BRF:5
BRH:0
end_of_record
